* using log directory 'C:/Users/andre/Documents/PACKAGES/src/contrib/this.path.Rcheck'
* using R version 4.2.3 (2023-03-15 ucrt)
* using platform: x86_64-w64-mingw32 (64-bit)
* using session charset: UTF-8
* using option '--as-cran'
* checking for file 'this.path/DESCRIPTION' ... OK
* this is package 'this.path' version '1.2.0.19'
* package encoding: UTF-8
* checking CRAN incoming feasibility ... NOTE
Maintainer: 'Iris Simmons <ikwsimmo@gmail.com>'

New maintainer:
  Iris Simmons <ikwsimmo@gmail.com>
Old maintainer(s):
  Andrew Simmons <akwsimmo@gmail.com>

Found the following (possibly) invalid URLs:
  URL: https://support.posit.co/hc/en-us/articles/205612627-Debugging-with-the-RStudio-IDE
    From: man/Args.Rd
          man/LINENO.Rd
          man/this.path-package.Rd
          man/this.path.Rd
          man/wrap.source.Rd
    Status: 403
    Message: Forbidden
* checking package namespace information ... OK
* checking package dependencies ... OK
* checking if this is a source package ... OK
* checking if there is a namespace ... OK
* checking for executable files ... OK
* checking for hidden files and directories ... OK
* checking for portable file names ... OK
* checking serialization versions ... OK
* checking whether package 'this.path' can be installed ... [13s] OK
* checking installed package size ... OK
* checking package directory ... OK
* checking for future file timestamps ... OK
* checking DESCRIPTION meta-information ... OK
* checking top-level files ... OK
* checking for left-over files ... OK
* checking index information ... OK
* checking package subdirectories ... OK
* checking R files for non-ASCII characters ... OK
* checking R files for syntax errors ... OK
* checking whether the package can be loaded ... OK
* checking whether the package can be loaded with stated dependencies ... OK
* checking whether the package can be unloaded cleanly ... OK
* checking whether the namespace can be loaded with stated dependencies ... OK
* checking whether the namespace can be unloaded cleanly ... OK
* checking loading without being on the library search path ... OK
* checking use of S3 registration ... OK
* checking dependencies in R code ... OK
* checking S3 generic/method consistency ... OK
* checking replacement functions ... OK
* checking foreign function calls ... OK
* checking R code for possible problems ... OK
* checking Rd files ... OK
* checking Rd metadata ... OK
* checking Rd line widths ... OK
* checking Rd cross-references ... OK
* checking for missing documentation entries ... OK
* checking for code/documentation mismatches ... WARNING
Codoc mismatches from documentation object 'wrap.source':
inside.source
  Code: function(file, path.only = FALSE, character.only = path.only,
                 file.only = path.only, conv2utf8 = FALSE,
                 allow.blank.string = FALSE, allow.clipboard =
                 !file.only, allow.stdin = !file.only, allow.url =
                 !file.only, allow.file.uri = !path.only, allow.unz =
                 !path.only, allow.pipe = !file.only, allow.terminal =
                 !file.only, allow.textConnection = !file.only,
                 allow.rawConnection = !file.only, allow.sockconn =
                 !file.only, allow.servsockconn = !file.only,
                 allow.customConnection = !file.only, ignore.all =
                 FALSE, ignore.blank.string = ignore.all,
                 ignore.clipboard = ignore.all, ignore.stdin =
                 ignore.all, ignore.url = ignore.all, ignore.file.uri =
                 ignore.all, Function = NULL)
  Docs: function(file, path.only = FALSE, character.only = path.only,
                 file.only = path.only, conv2utf8 = FALSE,
                 allow.blank.string = FALSE, allow.clipboard =
                 !file.only, allow.stdin = !file.only, allow.url =
                 !file.only, allow.file.uri = !path.only, allow.unz =
                 !path.only, allow.pipe = !file.only, allow.terminal =
                 !file.only, allow.textConnection = !file.only,
                 allow.rawConnection = !file.only, allow.sockconn =
                 !file.only, allow.servsockconn = !file.only,
                 allow.customConnection = !file.only, ignore.all =
                 FALSE, ignore.blank.string = ignore.all,
                 ignore.clipboard = ignore.all, ignore.stdin =
                 ignore.all, ignore.url = ignore.all, ignore.file.uri =
                 ignore.all)
  Argument names in code not in docs:
    Function
set.this.path
  Code: function(file, path.only = FALSE, character.only = path.only,
                 file.only = path.only, conv2utf8 = FALSE,
                 allow.blank.string = FALSE, allow.clipboard =
                 !file.only, allow.stdin = !file.only, allow.url =
                 !file.only, allow.file.uri = !path.only, allow.unz =
                 !path.only, allow.pipe = !file.only, allow.terminal =
                 !file.only, allow.textConnection = !file.only,
                 allow.rawConnection = !file.only, allow.sockconn =
                 !file.only, allow.servsockconn = !file.only,
                 allow.customConnection = !file.only, ignore.all =
                 FALSE, ignore.blank.string = ignore.all,
                 ignore.clipboard = ignore.all, ignore.stdin =
                 ignore.all, ignore.url = ignore.all, ignore.file.uri =
                 ignore.all, Function = NULL)
  Docs: function(file, path.only = FALSE, character.only = path.only,
                 file.only = path.only, conv2utf8 = FALSE,
                 allow.blank.string = FALSE, allow.clipboard =
                 !file.only, allow.stdin = !file.only, allow.url =
                 !file.only, allow.file.uri = !path.only, allow.unz =
                 !path.only, allow.pipe = !file.only, allow.terminal =
                 !file.only, allow.textConnection = !file.only,
                 allow.rawConnection = !file.only, allow.sockconn =
                 !file.only, allow.servsockconn = !file.only,
                 allow.customConnection = !file.only, ignore.all =
                 FALSE, ignore.blank.string = ignore.all,
                 ignore.clipboard = ignore.all, ignore.stdin =
                 ignore.all, ignore.url = ignore.all, ignore.file.uri =
                 ignore.all)
  Argument names in code not in docs:
    Function

* checking Rd \usage sections ... OK
* checking Rd contents ... OK
* checking for unstated dependencies in examples ... OK
* checking line endings in shell scripts ... OK
* checking line endings in C/C++/Fortran sources/headers ... OK
* checking pragmas in C/C++ headers and code ... OK
* checking compilation flags used ... OK
* checking compiled code ... OK
* checking examples ... ERROR
Running examples in 'this.path-Ex.R' failed
The error most likely occurred in:

> base::assign(".ptime", proc.time(), pos = "CheckExEnv")
> ### Name: wrap.source
> ### Title: Implement 'this.path()' For Arbitrary 'source()'-Like Functions
> ### Aliases: wrap.source inside.source set.this.path unset.this.path
> 
> ### ** Examples
> 
> FILE <- tempfile(fileext = ".R")
> this.path:::write.code({
+     this.path::this.path(verbose = TRUE)
+ }, FILE)
> 
> 
> # here we have a source-like function, suppose this
> # function is in a package for which you have write permission
> sourcelike <- function (file, envir = parent.frame())
+ {
+     file <- inside.source(file)
+     envir <- as.environment(envir)
+     exprs <- parse(n = -1, file = file)
+     # this prints nicely
+     this.path:::withAutoprint(exprs = exprs, evaluated = TRUE,
+         local = envir, spaced = TRUE, verbose = FALSE,
+         width.cutoff = 60L)
+     # you could alternatively do:
+     # 'for (i in seq_along(exprs)) eval(exprs[i], envir)'
+     # which does no pretty printing
+ }
> 
> 
> sourcelike(FILE)
typeof(fun_name): 'list'
$frame
NULL

$ftype
NULL

$value
NULL

$index
NULL

$package
NULL

Error in inside.source(file) : fun_name must be of type 'CHARSXP'
Calls: sourcelike -> inside.source
Execution halted
* checking for unstated dependencies in 'tests' ... OK
* checking tests ... OK
  Running 'basename2.tests.R'
  Running 'ext.tests.R'
  Running 'faster_subsequent_times.R'
  Running 'isclipboard.tests.R'
  Running 'path.join.tests.R'
  Running 'this-path-original-na.tests.R'
  Running 'this.path.tests.R'
  Running 'this.path_w_URLs.R'
  Running 'zzz.R'
* checking PDF version of manual ... OK
* skipping checking HTML version of manual: no command 'tidy' found
* checking for non-standard things in the check directory ... OK
* checking for detritus in the temp directory ... OK
* DONE
Status: 1 ERROR, 1 WARNING, 1 NOTE
