This is pdfTeX, Version 3.141592653-2.6-1.40.22 (MiKTeX 21.2) (preloaded format=pdflatex 2021.3.18)  28 MAR 2023 21:13
entering extended mode
**C:/Users/andre/AppData/Local/Temp/RtmpEDDA2z/Rd2pdf1b48748527c7/Rd2.tex
(C:/Users/andre/AppData/Local/Temp/RtmpEDDA2z/Rd2pdf1b48748527c7/Rd2.tex
LaTeX2e <2020-10-01> patch level 4
L3 programming layer <2021-02-18> xparse <2020-03-03>
(C:\Users\andre\AppData\Local\Programs\MiKTeX\tex/latex/base\book.cls
Document Class: book 2020/04/10 v1.4m Standard LaTeX document class
(C:\Users\andre\AppData\Local\Programs\MiKTeX\tex/latex/base\bk10.clo
File: bk10.clo 2020/04/10 v1.4m Standard LaTeX file (size option)
)
\c@part=\count179
\c@chapter=\count180
\c@section=\count181
\c@subsection=\count182
\c@subsubsection=\count183
\c@paragraph=\count184
\c@subparagraph=\count185
\c@figure=\count186
\c@table=\count187
\abovecaptionskip=\skip47
\belowcaptionskip=\skip48
\bibindent=\dimen138
)
(C:/PROGRA~1/R/R-4.2.3/share/texmf/tex/latex\Rd.sty
Package: Rd 

(C:\Users\andre\AppData\Local\Programs\MiKTeX\tex/latex/base\ifthen.sty
Package: ifthen 2014/09/29 v1.1c Standard LaTeX ifthen package (DPC)
)
(C:\Users\andre\AppData\Local\Programs\MiKTeX\tex/latex/latex-tools\longtable.s
ty
Package: longtable 2020/01/07 v4.13 Multi-page Table package (DPC)
\LTleft=\skip49
\LTright=\skip50
\LTpre=\skip51
\LTpost=\skip52
\LTchunksize=\count188
\LTcapwidth=\dimen139
\LT@head=\box47
\LT@firsthead=\box48
\LT@foot=\box49
\LT@lastfoot=\box50
\LT@cols=\count189
\LT@rows=\count190
\c@LT@tables=\count191
\c@LT@chunks=\count192
\LT@p@ftn=\toks15
) (C:\Users\andre\AppData\Local\Programs\MiKTeX\tex/latex/latex-tools\bm.sty
Package: bm 2019/07/24 v1.2d Bold Symbol Support (DPC/FMi)
\symboldoperators=\mathgroup4
\symboldletters=\mathgroup5
\symboldsymbols=\mathgroup6
LaTeX Font Info:    Redeclaring math alphabet \mathbf on input line 141.
LaTeX Info: Redefining \bm on input line 209.
) (C:\Users\andre\AppData\Local\Programs\MiKTeX\tex/latex/base\alltt.sty
Package: alltt 1997/06/16 v2.0g defines alltt environment
)
(C:\Users\andre\AppData\Local\Programs\MiKTeX\tex/latex/latex-tools\verbatim.st
y
Package: verbatim 2020-07-07 v1.5u LaTeX2e package for verbatim enhancements
\every@verbatim=\toks16
\verbatim@line=\toks17
\verbatim@in@stream=\read2
) (C:\Users\andre\AppData\Local\Programs\MiKTeX\tex/latex/url\url.sty
\Urlmuskip=\muskip16
Package: url 2013/09/16  ver 3.4  Verb mode for urls, etc.
)
(C:\Users\andre\AppData\Local\Programs\MiKTeX\tex/latex/base\textcomp.sty
Package: textcomp 2020/02/02 v2.0n Standard LaTeX package
)
(C:\Users\andre\AppData\Local\Programs\MiKTeX\tex/latex/amsmath\amsmath.sty
Package: amsmath 2020/09/23 v2.17i AMS math features
\@mathmargin=\skip53

For additional information on amsmath, use the `?' option.
(C:\Users\andre\AppData\Local\Programs\MiKTeX\tex/latex/amsmath\amstext.sty
Package: amstext 2000/06/29 v2.01 AMS text

(C:\Users\andre\AppData\Local\Programs\MiKTeX\tex/latex/amsmath\amsgen.sty
File: amsgen.sty 1999/11/30 v2.0 generic functions
\@emptytoks=\toks18
\ex@=\dimen140
))
(C:\Users\andre\AppData\Local\Programs\MiKTeX\tex/latex/amsmath\amsbsy.sty
Package: amsbsy 1999/11/29 v1.2d Bold Symbols
LaTeX Info: Redefining \boldsymbol on input line 28.
\pmbraise@=\dimen141
)
(C:\Users\andre\AppData\Local\Programs\MiKTeX\tex/latex/amsmath\amsopn.sty
Package: amsopn 2016/03/08 v2.02 operator names
)
\inf@bad=\count193
LaTeX Info: Redefining \frac on input line 234.
\uproot@=\count194
\leftroot@=\count195
LaTeX Info: Redefining \overline on input line 399.
\classnum@=\count196
\DOTSCASE@=\count197
LaTeX Info: Redefining \ldots on input line 496.
LaTeX Info: Redefining \dots on input line 499.
LaTeX Info: Redefining \cdots on input line 620.
\Mathstrutbox@=\box51
\strutbox@=\box52
\big@size=\dimen142
LaTeX Font Info:    Redeclaring font encoding OML on input line 743.
LaTeX Font Info:    Redeclaring font encoding OMS on input line 744.
\macc@depth=\count198
\c@MaxMatrixCols=\count199
\dotsspace@=\muskip17
\c@parentequation=\count266
\dspbrk@lvl=\count267
\tag@help=\toks19
\row@=\count268
\column@=\count269
\maxfields@=\count270
\andhelp@=\toks20
\eqnshift@=\dimen143
\alignsep@=\dimen144
\tagshift@=\dimen145
\tagwidth@=\dimen146
\totwidth@=\dimen147
\lineht@=\dimen148
\@envbody=\toks21
\multlinegap=\skip54
\multlinetaggap=\skip55
\mathdisplay@stack=\toks22
LaTeX Info: Redefining \[ on input line 2923.
LaTeX Info: Redefining \] on input line 2924.
)
(C:\Users\andre\AppData\Local\Programs\MiKTeX\tex/latex/amsfonts\amsfonts.sty
Package: amsfonts 2013/01/14 v3.01 Basic AMSFonts support
\symAMSa=\mathgroup7
\symAMSb=\mathgroup8
LaTeX Font Info:    Redeclaring math symbol \hbar on input line 98.
LaTeX Font Info:    Overwriting math alphabet `\mathfrak' in version `bold'
(Font)                  U/euf/m/n --> U/euf/b/n on input line 106.
)
(C:\Users\andre\AppData\Local\Programs\MiKTeX\tex/latex/amsfonts\amssymb.sty
Package: amssymb 2013/01/14 v3.01 AMS font symbols
)
(C:\Users\andre\AppData\Local\Programs\MiKTeX\tex/latex/jknappen\mathrsfs.sty
Package: mathrsfs 1996/01/01 Math RSFS package v1.0 (jk)
\symrsfs=\mathgroup9
)
\ldescriptionwidth=\skip56

(C:\Users\andre\AppData\Local\Programs\MiKTeX\tex/generic/iftex\iftex.sty
Package: iftex 2020/03/06 v1.0d TeX engine tests
)
(C:\Users\andre\AppData\Local\Programs\MiKTeX\tex/latex/base\fontenc.sty
Package: fontenc 2020/08/10 v2.0s Standard LaTeX package
)
(C:\Users\andre\AppData\Local\Programs\MiKTeX\tex/latex/psnfss\times.sty
Package: times 2020/03/25 PSNFSS-v9.3 (SPQR) 
)
(C:\Users\andre\AppData\Local\Programs\MiKTeX\tex/latex/inconsolata\zi4.sty
Package: zi4 2019/05/17 v1.12

`inconsolata-zi4' v1.12, 2019/05/17 Text macros for Inconsolata (msharpe)
(C:\Users\andre\AppData\Local\Programs\MiKTeX\tex/latex/xkeyval\xkeyval.sty
Package: xkeyval 2020/11/20 v2.8 package option processing (HA)

(C:\Users\andre\AppData\Local\Programs\MiKTeX\tex/generic/xkeyval\xkeyval.tex
(C:\Users\andre\AppData\Local\Programs\MiKTeX\tex/generic/xkeyval\xkvutils.tex
\XKV@toks=\toks23
\XKV@tempa@toks=\toks24

(C:\Users\andre\AppData\Local\Programs\MiKTeX\tex/generic/xkeyval\keyval.tex))
\XKV@depth=\count271
File: xkeyval.tex 2014/12/03 v2.7a key=value parser (HA)
))
\zifour@ocount=\count272
) (C:\Users\andre\AppData\Local\Programs\MiKTeX\tex/latex/graphics\color.sty
Package: color 2020/02/24 v1.2b Standard LaTeX Color (DPC)

(C:\Users\andre\AppData\Local\Programs\MiKTeX\tex/latex/graphics-cfg\color.cfg
File: color.cfg 2016/01/02 v1.6 sample color configuration
)
Package color Info: Driver file: pdftex.def on input line 147.

(C:\Users\andre\AppData\Local\Programs\MiKTeX\tex/latex/graphics-def\pdftex.def
File: pdftex.def 2020/10/05 v1.2a Graphics/color driver for pdftex
))
(C:\Users\andre\AppData\Local\Programs\MiKTeX\tex/latex/hyperref\hyperref.sty
Package: hyperref 2021-02-10 v7.00j Hypertext links for LaTeX

(C:\Users\andre\AppData\Local\Programs\MiKTeX\tex/generic/ltxcmds\ltxcmds.sty
Package: ltxcmds 2020-05-10 v1.25 LaTeX kernel commands for general use (HO)
)
(C:\Users\andre\AppData\Local\Programs\MiKTeX\tex/generic/pdftexcmds\pdftexcmds
.sty
Package: pdftexcmds 2020-06-27 v0.33 Utility functions of pdfTeX for LuaTeX (HO
)

(C:\Users\andre\AppData\Local\Programs\MiKTeX\tex/generic/infwarerr\infwarerr.s
ty
Package: infwarerr 2019/12/03 v1.5 Providing info/warning/error messages (HO)
)
Package pdftexcmds Info: \pdf@primitive is available.
Package pdftexcmds Info: \pdf@ifprimitive is available.
Package pdftexcmds Info: \pdfdraftmode found.
)
(C:\Users\andre\AppData\Local\Programs\MiKTeX\tex/generic/kvsetkeys\kvsetkeys.s
ty
Package: kvsetkeys 2019/12/15 v1.18 Key value parser (HO)
)
(C:\Users\andre\AppData\Local\Programs\MiKTeX\tex/generic/kvdefinekeys\kvdefine
keys.sty
Package: kvdefinekeys 2019-12-19 v1.6 Define keys (HO)
)
(C:\Users\andre\AppData\Local\Programs\MiKTeX\tex/generic/pdfescape\pdfescape.s
ty
Package: pdfescape 2019/12/09 v1.15 Implements pdfTeX's escape features (HO)
) (C:\Users\andre\AppData\Local\Programs\MiKTeX\tex/latex/hycolor\hycolor.sty
Package: hycolor 2020-01-27 v1.10 Color options for hyperref/bookmark (HO)
)
(C:\Users\andre\AppData\Local\Programs\MiKTeX\tex/latex/letltxmacro\letltxmacro
.sty
Package: letltxmacro 2019/12/03 v1.6 Let assignment for LaTeX macros (HO)
)
(C:\Users\andre\AppData\Local\Programs\MiKTeX\tex/latex/auxhook\auxhook.sty
Package: auxhook 2019-12-17 v1.6 Hooks for auxiliary files (HO)
)
(C:\Users\andre\AppData\Local\Programs\MiKTeX\tex/latex/kvoptions\kvoptions.sty
Package: kvoptions 2020-10-07 v3.14 Key value format for package options (HO)
)
\@linkdim=\dimen149
\Hy@linkcounter=\count273
\Hy@pagecounter=\count274
 (C:\Users\andre\AppData\Local\Programs\MiKTeX\tex/latex/hyperref\pd1enc.def
File: pd1enc.def 2021-02-10 v7.00j Hyperref: PDFDocEncoding definition (HO)
Now handling font encoding PD1 ...
... no UTF-8 mapping file for font encoding PD1
)
(C:\Users\andre\AppData\Local\Programs\MiKTeX\tex/latex/hyperref\hyperref-langp
atches.def
File: hyperref-langpatches.def 2021-02-10 v7.00j Hyperref: patches for babel la
nguages
)
(C:\Users\andre\AppData\Local\Programs\MiKTeX\tex/generic/intcalc\intcalc.sty
Package: intcalc 2019/12/15 v1.3 Expandable calculations with integers (HO)
)
(C:\Users\andre\AppData\Local\Programs\MiKTeX\tex/generic/etexcmds\etexcmds.sty
Package: etexcmds 2019/12/15 v1.7 Avoid name clashes with e-TeX commands (HO)
)
\Hy@SavedSpaceFactor=\count275
 (C:\Users\andre\AppData\Local\Programs\MiKTeX\tex/latex/hyperref\puenc.def
File: puenc.def 2021-02-10 v7.00j Hyperref: PDF Unicode definition (HO)
Now handling font encoding PU ...
... no UTF-8 mapping file for font encoding PU
)
Package hyperref Info: Hyper figures OFF on input line 4192.
Package hyperref Info: Link nesting OFF on input line 4197.
Package hyperref Info: Hyper index ON on input line 4200.
Package hyperref Info: Plain pages OFF on input line 4207.
Package hyperref Info: Backreferencing OFF on input line 4212.
Package hyperref Info: Implicit mode ON; LaTeX internals redefined.
Package hyperref Info: Bookmarks ON on input line 4445.
\c@Hy@tempcnt=\count276
LaTeX Info: Redefining \url on input line 4804.
\XeTeXLinkMargin=\dimen150

(C:\Users\andre\AppData\Local\Programs\MiKTeX\tex/generic/bitset\bitset.sty
Package: bitset 2019/12/09 v1.3 Handle bit-vector datatype (HO)

(C:\Users\andre\AppData\Local\Programs\MiKTeX\tex/generic/bigintcalc\bigintcalc
.sty
Package: bigintcalc 2019/12/15 v1.5 Expandable calculations on big integers (HO
)
))
\Fld@menulength=\count277
\Field@Width=\dimen151
\Fld@charsize=\dimen152
Package hyperref Info: Hyper figures OFF on input line 6075.
Package hyperref Info: Link nesting OFF on input line 6080.
Package hyperref Info: Hyper index ON on input line 6083.
Package hyperref Info: backreferencing OFF on input line 6090.
Package hyperref Info: Link coloring OFF on input line 6095.
Package hyperref Info: Link coloring with OCG OFF on input line 6100.
Package hyperref Info: PDF/A mode OFF on input line 6105.
LaTeX Info: Redefining \ref on input line 6145.
LaTeX Info: Redefining \pageref on input line 6149.

(C:\Users\andre\AppData\Local\Programs\MiKTeX\tex/latex/base\atbegshi-ltx.sty
Package: atbegshi-ltx 2020/08/17 v1.0a Emulation of the original atbegshi packa
ge
with kernel methods
)
\Hy@abspage=\count278
\c@Item=\count279
\c@Hfootnote=\count280
)
Package hyperref Info: Driver (autodetected): hpdftex.
(C:\Users\andre\AppData\Local\Programs\MiKTeX\tex/latex/hyperref\hpdftex.def
File: hpdftex.def 2021-02-10 v7.00j Hyperref driver for pdfTeX

(C:\Users\andre\AppData\Local\Programs\MiKTeX\tex/latex/base\atveryend-ltx.sty
Package: atveryend-ltx 2020/08/19 v1.0a Emulation of the original atvery packag
e
with kernel methods
)
\Fld@listcount=\count281
\c@bookmark@seq@number=\count282

(C:\Users\andre\AppData\Local\Programs\MiKTeX\tex/latex/rerunfilecheck\rerunfil
echeck.sty
Package: rerunfilecheck 2019/12/05 v1.9 Rerun checks for auxiliary files (HO)

(C:\Users\andre\AppData\Local\Programs\MiKTeX\tex/generic/uniquecounter\uniquec
ounter.sty
Package: uniquecounter 2019/12/15 v1.4 Provide unlimited unique counter (HO)
)
Package uniquecounter Info: New unique counter `rerunfilecheck' on input line 2
86.
)
\Hy@SectionHShift=\skip57
)

Package hyperref Warning: Option `hyperindex' has already been used,
(hyperref)                setting the option has no effect on input line 397.

Package hyperref Info: Option `colorlinks' set `true' on input line 397.

Package hyperref Warning: Option `pagebackref' has already been used,
(hyperref)                setting the option has no effect on input line 397.

Package hyperref Info: Option `linktocpage' set `true' on input line 397.
Package hyperref Info: Option `plainpages' set `false' on input line 397.
) (C:\Users\andre\AppData\Local\Programs\MiKTeX\tex/latex/base\makeidx.sty
Package: makeidx 2014/09/29 v1.0m Standard LaTeX package
)
(C:\Users\andre\AppData\Local\Programs\MiKTeX\tex/latex/base\inputenc.sty
Package: inputenc 2020/08/01 v1.3d Input encoding file
\inpenc@prehook=\toks25
\inpenc@posthook=\toks26
)
\@indexfile=\write3
\openout3 = `Rd2.idx'.


Writing index file Rd2.idx
LaTeX Font Info:    Trying to load font information for T1+ptm on input line 8.

(C:\Users\andre\AppData\Local\Programs\MiKTeX\tex/latex/psnfss\t1ptm.fd
File: t1ptm.fd 2001/06/04 font definitions for T1/ptm.
)
(C:\Users\andre\AppData\Local\Programs\MiKTeX\tex/latex/l3backend\l3backend-pdf
tex.def
File: l3backend-pdftex.def 2021-02-18 L3 backend support: PDF output (pdfTeX)
\l__color_backend_stack_int=\count283
\l__pdf_internal_box=\box53
) (Rd2.aux)
\openout1 = `Rd2.aux'.

LaTeX Font Info:    Checking defaults for OML/cmm/m/it on input line 8.
LaTeX Font Info:    ... okay on input line 8.
LaTeX Font Info:    Checking defaults for OMS/cmsy/m/n on input line 8.
LaTeX Font Info:    ... okay on input line 8.
LaTeX Font Info:    Checking defaults for OT1/cmr/m/n on input line 8.
LaTeX Font Info:    ... okay on input line 8.
LaTeX Font Info:    Checking defaults for T1/cmr/m/n on input line 8.
LaTeX Font Info:    ... okay on input line 8.
LaTeX Font Info:    Checking defaults for TS1/cmr/m/n on input line 8.
LaTeX Font Info:    ... okay on input line 8.
LaTeX Font Info:    Checking defaults for OMX/cmex/m/n on input line 8.
LaTeX Font Info:    ... okay on input line 8.
LaTeX Font Info:    Checking defaults for U/cmr/m/n on input line 8.
LaTeX Font Info:    ... okay on input line 8.
LaTeX Font Info:    Checking defaults for PD1/pdf/m/n on input line 8.
LaTeX Font Info:    ... okay on input line 8.
LaTeX Font Info:    Checking defaults for PU/pdf/m/n on input line 8.
LaTeX Font Info:    ... okay on input line 8.

(C:\Users\andre\AppData\Local\Programs\MiKTeX\tex/context/base/mkii\supp-pdf.mk
ii
[Loading MPS to PDF converter (version 2006.09.02).]
\scratchcounter=\count284
\scratchdimen=\dimen153
\scratchbox=\box54
\nofMPsegments=\count285
\nofMParguments=\count286
\everyMPshowfont=\toks27
\MPscratchCnt=\count287
\MPscratchDim=\dimen154
\MPnumerator=\count288
\makeMPintoPDFobject=\count289
\everyMPtoPDFconversion=\toks28
)
Package hyperref Info: Link coloring ON on input line 8.
 (C:\Users\andre\AppData\Local\Programs\MiKTeX\tex/latex/hyperref\nameref.sty
Package: nameref 2021-04-02 v2.47 Cross-referencing by name of section

(C:\Users\andre\AppData\Local\Programs\MiKTeX\tex/latex/refcount\refcount.sty
Package: refcount 2019/12/15 v3.6 Data extraction from label references (HO)
)
(C:\Users\andre\AppData\Local\Programs\MiKTeX\tex/generic/gettitlestring\gettit
lestring.sty
Package: gettitlestring 2019/12/15 v1.6 Cleanup title references (HO)
)
\c@section@level=\count290
)
LaTeX Info: Redefining \ref on input line 8.
LaTeX Info: Redefining \pageref on input line 8.
LaTeX Info: Redefining \nameref on input line 8.
 (Rd2.out) (Rd2.out)
\@outlinefile=\write4
\openout4 = `Rd2.out'.

LaTeX Font Info:    Trying to load font information for TS1+ptm on input line 2
2.

(C:\Users\andre\AppData\Local\Programs\MiKTeX\tex/latex/psnfss\ts1ptm.fd
File: ts1ptm.fd 2001/06/04 font definitions for TS1/ptm.
)
LaTeX Font Info:    Trying to load font information for T1+zi4 on input line 29
.

(C:\Users\andre\AppData\Local\Programs\MiKTeX\tex/latex/inconsolata\t1zi4.fd
File: t1zi4.fd 2018/01/14 T1/zi4 (Inconsolata)
)
LaTeX Font Info:    Font shape `T1/zi4/m/n' will be
(Font)              scaled to size 10.0pt on input line 29.
LaTeX Font Info:    Trying to load font information for U+msa on input line 33.


(C:\Users\andre\AppData\Local\Programs\MiKTeX\tex/latex/amsfonts\umsa.fd
File: umsa.fd 2013/01/14 v3.01 AMS symbols A
)
LaTeX Font Info:    Trying to load font information for U+msb on input line 33.


(C:\Users\andre\AppData\Local\Programs\MiKTeX\tex/latex/amsfonts\umsb.fd
File: umsb.fd 2013/01/14 v3.01 AMS symbols B
)
LaTeX Font Info:    Trying to load font information for U+rsfs on input line 33
.

(C:\Users\andre\AppData\Local\Programs\MiKTeX\tex/latex/jknappen\ursfs.fd
File: ursfs.fd 1998/03/24 rsfs font definition file (jk)
)
LaTeX Font Info:    Trying to load font information for T1+phv on input line 41
.

(C:\Users\andre\AppData\Local\Programs\MiKTeX\tex/latex/psnfss\t1phv.fd
File: t1phv.fd 2020/03/25 scalable font definitions for T1/phv.
)
(Rd2.toc [1


{C:/Users/andre/AppData/Local/MiKTeX/pdftex/config/pdftex.map}])
\tf@toc=\write5
\openout5 = `Rd2.toc'.


Underfull \hbox (badness 10000) in paragraph at lines 43--43
[]\T1/ptm/m/it/10 Get Ex-e-cut-ing Script's Path, from `Rgui',
 []


Underfull \hbox (badness 10000) in paragraph at lines 43--43
\T1/ptm/m/it/10 `\T1/phv/m/n/10 R\T1/ptm/m/it/10 hrefhttps://posit.co/products/
open-source/rstudio/RStudio',
 []


Underfull \hbox (badness 10000) in paragraph at lines 43--43
\T1/ptm/m/it/10 `\T1/phv/m/n/10 R\T1/ptm/m/it/10 hrefhttps://code.visualstudio.
com/VSCode',
 []


Overfull \hbox (21.02876pt too wide) in paragraph at lines 54--57
[]\T1/ptm/m/n/10 The most im-por-tant func-tions from \T1/ptm/b/n/10 this.path 
\T1/ptm/m/n/10 are [][][]\T1/zi4/m/n/10 this.path[][][]()[]\T1/ptm/m/n/10 , [][
][]\T1/zi4/m/n/10 this.dir[][][]()[]\T1/ptm/m/n/10 , [][][]\T1/zi4/m/n/10 here[
][][]()[]\T1/ptm/m/n/10 , and [][][]\T1/zi4/m/n/10 this.proj[][][]()[]\T1/ptm/m
/n/10 : 
 []


Overfull \hbox (1.36028pt too wide) in paragraph at lines 117--121
[][][]\T1/zi4/m/n/10 wrap.source[][][]()[]\T1/ptm/m/n/10 , [][][]\T1/zi4/m/n/10
 inside.source[][][]()[]\T1/ptm/m/n/10 , [][][]\T1/zi4/m/n/10 set.this.path[][]
[]()[]\T1/ptm/m/n/10 , and [][][]\T1/zi4/m/n/10 unset.this.path[][][]() []\T1/p
tm/m/n/10 im-ple-ment
 []


Overfull \hbox (27.73988pt too wide) in paragraph at lines 117--121
[][][]\T1/zi4/m/n/10 this.path[][][]() []\T1/ptm/m/n/10 for any [][][]\T1/zi4/m
/n/10 source[][][]()[]\T1/ptm/m/n/10 -like func-tions out-side of [][][]\T1/zi4
/m/n/10 source[][][]()[]\T1/ptm/m/n/10 , [][][]\T1/zi4/m/n/10 sys.source[][][](
)[]\T1/ptm/m/n/10 , [][][]\T1/zi4/m/n/10 debugSource[][]()
 []

[2]
Overfull \hbox (21.39046pt too wide) in paragraph at lines 152--153
[][][]\T1/zi4/m/n/10 source[][][]()[]\T1/ptm/m/n/10 , [][][]\T1/zi4/m/n/10 sys.
source[][][]()[]\T1/ptm/m/n/10 , [][][]\T1/zi4/m/n/10 debugSource[][]() []\T1/p
tm/m/n/10 in `[][]RStu-dio[][]', [][][]\T1/zi4/m/n/10 testthat::source_file[][]
[]()[]\T1/ptm/m/n/10 , [][][]\T1/zi4/m/n/10 knitr::knit[][][]()[]\T1/ptm/m/n/10
 ,
 []


Overfull \hbox (4.35796pt too wide) in paragraph at lines 188--192
[]\T1/phv/m/n/10 R \T1/ptm/m/n/10 ob-jects to turn into scripts ar-gu-ments; ty
p-i-cally [][][]\T1/zi4/m/n/10 logical[][][][]\T1/ptm/m/n/10 , [][][]\T1/zi4/m/
n/10 numeric[][][][]\T1/ptm/m/n/10 , [][][]\T1/zi4/m/n/10 character[][][][]\T1/
ptm/m/n/10 ,
 []


Overfull \hbox (54.14043pt too wide) in paragraph at lines 193--197
[][][]\T1/zi4/m/n/10 sys.source[][][]()[]\T1/ptm/m/n/10 , [][][]\T1/zi4/m/n/10 
debugSource[][]() []\T1/ptm/m/n/10 in `[][]RStu-dio[][]', [][][]\T1/zi4/m/n/10 
testthat::source_file[][][]()[]\T1/ptm/m/n/10 , [][][]\T1/zi4/m/n/10 knitr::kni
t[][][]()[]\T1/ptm/m/n/10 ,
 []

[3]
Overfull \hbox (31.66821pt too wide) in paragraph at lines 205--208
[]\T1/zi4/m/n/10 progArgs() []\T1/ptm/m/n/10 will re-turn the ar-gu-ments as-so
-ci-ated with the ex-e-cut-ing script, or []\T1/zi4/m/n/10 commandArgs(trailing
Only
 []


Overfull \hbox (12.23888pt too wide) in paragraph at lines 226--229
[]\T1/ptm/m/n/10 using [][][]\T1/zi4/m/n/10 sprintf[][][]("0x%02x", ) []\T1/ptm
/m/n/10 (can eas-ily con-vert back to raw with [][][]\T1/zi4/m/n/10 as.raw[][][
]()
 []


Overfull \hbox (27.93736pt too wide) in paragraph at lines 236--239
[]\T1/ptm/m/n/10 The ar-gu-ments will then be un-listed, and all at-tributes wi
ll be re-moved. Ar-gu-ments that are []\T1/zi4/m/n/10 NA_character_
 []

LaTeX Font Info:    Font shape `T1/zi4/m/n' will be
(Font)              scaled to size 9.0pt on input line 251.
[4]
LaTeX Font Info:    Trying to load font information for TS1+zi4 on input line 2
84.

(C:\Users\andre\AppData\Local\Programs\MiKTeX\tex/latex/inconsolata\ts1zi4.fd
File: ts1zi4.fd 2018/01/14 TS1/zi4 (Inconsolata)
)
LaTeX Font Info:    Font shape `TS1/zi4/m/n' will be
(Font)              scaled to size 9.0pt on input line 284.

[5]
Overfull \hbox (57.81808pt too wide) in paragraph at lines 366--371
\T1/ptm/m/n/10 string im-me-di-ately af-ter-ward, e.g. []\T1/zi4/m/n/10 "/path/
to/file" []\T1/ptm/m/n/10 is the path spec-i-fi-ca-tion of []\T1/zi4/m/n/10 "//
host/share/path/to/file"
 []


Overfull \hbox (12.44852pt too wide) in paragraph at lines 377--380
[]\T1/ptm/m/n/10 If the path spec-i-fi-ca-tion of []\T1/zi4/m/n/10 path []\T1/p
tm/m/n/10 is empty or is []\T1/zi4/m/n/10 "/"[]\T1/ptm/m/n/10 , then []\T1/zi4/
m/n/10 dirname2() []\T1/ptm/m/n/10 will re-turn []\T1/zi4/m/n/10 path []\T1/ptm
/m/n/10 and []\T1/zi4/m/n/10 basename2()
 []


Overfull \hbox (12.85881pt too wide) in paragraph at lines 388--392
\T1/ptm/m/n/10 di-ately af-ter-ward, e.g. []\T1/zi4/m/n/10 "/path/to/file" []\T
1/ptm/m/n/10 is the path spec-i-fi-ca-tion of []\T1/zi4/m/n/10 "//host/share/pa
th/to/file"[]\T1/ptm/m/n/10 .
 []


Overfull \hbox (12.44852pt too wide) in paragraph at lines 393--396
[]\T1/ptm/m/n/10 If the path spec-i-fi-ca-tion of []\T1/zi4/m/n/10 path []\T1/p
tm/m/n/10 is empty or is []\T1/zi4/m/n/10 "/"[]\T1/ptm/m/n/10 , then []\T1/zi4/
m/n/10 dirname2() []\T1/ptm/m/n/10 will re-turn []\T1/zi4/m/n/10 path []\T1/ptm
/m/n/10 and []\T1/zi4/m/n/10 basename2()
 []

[6] [7]
Overfull \hbox (2.60931pt too wide) in paragraph at lines 517--519
[]\T1/ptm/m/n/10 Except for []\T1/zi4/m/n/10 path <- NA_character_[]\T1/ptm/m/n
/10 , it will al-ways be true that []\T1/zi4/m/n/10 path == paste0(removeext(pa
th),
 []

[8] [9] [10] [11]
Overfull \hbox (4.94917pt too wide) in paragraph at lines 733--735
[]\T1/ptm/m/n/10 For [][][]\T1/zi4/m/n/10 debugSource[][]() []\T1/ptm/m/n/10 in
 `[][]RStu-dio[][]', it has no ar-gu-ment []\T1/zi4/m/n/10 keep.source[]\T1/ptm
/m/n/10 , so set the op-tion []\T1/zi4/m/n/10 "keep.source"
 []

Package textcomp Info: Symbol \textasciigrave not provided by
(textcomp)             font family zi4 in TS1 encoding.
(textcomp)             Default family used instead on input line 760.
LaTeX Font Info:    Trying to load font information for T1+cmtt on input line 7
60.
(C:\Users\andre\AppData\Local\Programs\MiKTeX\tex/latex/base\t1cmtt.fd
File: t1cmtt.fd 2019/12/16 v2.5j Standard LaTeX font definitions
)
LaTeX Font Info:    Trying to load font information for TS1+cmtt on input line 
760.

(C:\Users\andre\AppData\Local\Programs\MiKTeX\tex/latex/base\ts1cmtt.fd
File: ts1cmtt.fd 2019/12/16 v2.5j Standard LaTeX font definitions
)
Package textcomp Info: Symbol \textasciigrave not provided by
(textcomp)             font family zi4 in TS1 encoding.
(textcomp)             Default family used instead on input line 760.
Package textcomp Info: Symbol \textasciigrave not provided by
(textcomp)             font family zi4 in TS1 encoding.
(textcomp)             Default family used instead on input line 760.
Package textcomp Info: Symbol \textasciigrave not provided by
(textcomp)             font family zi4 in TS1 encoding.
(textcomp)             Default family used instead on input line 763.
Package textcomp Info: Symbol \textasciigrave not provided by
(textcomp)             font family zi4 in TS1 encoding.
(textcomp)             Default family used instead on input line 763.
Package textcomp Info: Symbol \textasciigrave not provided by
(textcomp)             font family zi4 in TS1 encoding.
(textcomp)             Default family used instead on input line 763.
Package textcomp Info: Symbol \textasciigrave not provided by
(textcomp)             font family zi4 in TS1 encoding.
(textcomp)             Default family used instead on input line 766.
Package textcomp Info: Symbol \textasciigrave not provided by
(textcomp)             font family zi4 in TS1 encoding.
(textcomp)             Default family used instead on input line 766.

[12]
Overfull \hbox (259.19438pt too wide) in paragraph at lines 854--855
[][][]\T1/ptm/m/n/10 http://web.archive.org/web/20191012035921/http://nadeausof
tware.com/articles/2012/01/c_c_tip_how_use_compiler_predefined_macros_detect_op
erating_system[][] 
 []

[13] [14pdfTeX warning (ext4): destination with the same identifier (name{Rfn.p
ath.split.1}) has been already used, duplicate ignored
<argument> ...shipout:D \box_use:N \l_shipout_box 
                                                  
l.931 \item[\code{...}]
                       ]
Package textcomp Info: Symbol \textasciigrave not provided by
(textcomp)             font family zi4 in TS1 encoding.
(textcomp)             Default family used instead on input line 963.
Package textcomp Info: Symbol \textasciigrave not provided by
(textcomp)             font family zi4 in TS1 encoding.
(textcomp)             Default family used instead on input line 963.
 [15]
Overfull \hbox (11.43771pt too wide) in paragraph at lines 1027--1036
\T1/ptm/m/n/10 in-stall an \T1/phv/m/n/10 R \T1/ptm/m/n/10 pack-age (spec-i-fie
d by a di-rec-tory or tar-ball), and is used by [][][]\T1/zi4/m/n/10 utils::ins
tall.packages[][][]()[]\T1/ptm/m/n/10 .
 []

[16] [17] [18] [19] [20] [21]
LaTeX Font Info:    Font shape `TS1/zi4/m/n' will be
(Font)              scaled to size 10.0pt on input line 1403.
 [22] [23]
Overfull \hbox (21.39046pt too wide) in paragraph at lines 1638--1639
[][][]\T1/zi4/m/n/10 source[][][]()[]\T1/ptm/m/n/10 , [][][]\T1/zi4/m/n/10 sys.
source[][][]()[]\T1/ptm/m/n/10 , [][][]\T1/zi4/m/n/10 debugSource[][]() []\T1/p
tm/m/n/10 in `[][]RStu-dio[][]', [][][]\T1/zi4/m/n/10 testthat::source_file[][]
[]()[]\T1/ptm/m/n/10 , [][][]\T1/zi4/m/n/10 knitr::knit[][][]()[]\T1/ptm/m/n/10
 ,
 []

[24]
Package textcomp Info: Symbol \textasciigrave not provided by
(textcomp)             font family zi4 in TS1 encoding.
(textcomp)             Default family used instead on input line 1671.
Package textcomp Info: Symbol \textasciigrave not provided by
(textcomp)             font family zi4 in TS1 encoding.
(textcomp)             Default family used instead on input line 1671.
Package textcomp Info: Symbol \textasciigrave not provided by
(textcomp)             font family zi4 in TS1 encoding.
(textcomp)             Default family used instead on input line 1671.
Package textcomp Info: Symbol \textasciigrave not provided by
(textcomp)             font family zi4 in TS1 encoding.
(textcomp)             Default family used instead on input line 1674.
Package textcomp Info: Symbol \textasciigrave not provided by
(textcomp)             font family zi4 in TS1 encoding.
(textcomp)             Default family used instead on input line 1674.
Package textcomp Info: Symbol \textasciigrave not provided by
(textcomp)             font family zi4 in TS1 encoding.
(textcomp)             Default family used instead on input line 1674.

Underfull \vbox (badness 10000) has occurred while \output is active []

 [25]
[26] [27] [28]
Underfull \vbox (badness 10000) has occurred while \output is active []

 [29]
Overfull \hbox (36.87946pt too wide) in paragraph at lines 1991--1994
[]\T1/ptm/m/n/10 may []\T1/zi4/m/n/10 file []\T1/ptm/m/n/10 be a con-nec-tion o
f class [][][]\T1/zi4/m/n/10 "unz"[][][] []\T1/ptm/m/n/10 / / []\T1/zi4/m/n/10 
"pipe" []\T1/ptm/m/n/10 / / []\T1/zi4/m/n/10 "terminal" []\T1/ptm/m/n/10 / / []
\T1/zi4/m/n/10 "textConnection"
 []

[30]
Overfull \hbox (57.79944pt too wide) in paragraph at lines 2063--2066
[]\T1/ptm/m/n/10 Suppose that the func-tions []\T1/zi4/m/n/10 source()[]\T1/ptm
/m/n/10 , []\T1/zi4/m/n/10 sys.source()[]\T1/ptm/m/n/10 , []\T1/zi4/m/n/10 debu
gSource() []\T1/ptm/m/n/10 in `RStu-dio', []\T1/zi4/m/n/10 testthat::source_fil
e()[]\T1/ptm/m/n/10 ,
 []


Overfull \hbox (45.11945pt too wide) in paragraph at lines 2063--2066
[]\T1/zi4/m/n/10 knitr::knit()[]\T1/ptm/m/n/10 , and []\T1/zi4/m/n/10 box::use(
) []\T1/ptm/m/n/10 were not im-ple-mented with []\T1/zi4/m/n/10 this.path()[]\T
1/ptm/m/n/10 . You could use []\T1/zi4/m/n/10 inside.source()
 []

[31] [32]
Underfull \vbox (badness 10000) has occurred while \output is active []

 [33]
(Rd2.ind [34]

LaTeX Font Warning: Font shape `T1/zi4/m/it' undefined
(Font)              using `T1/zi4/m/n' instead on input line 13.

LaTeX Font Info:    Font shape `T1/zi4/m/it' will be
(Font)              scaled to size 10.0pt on input line 29.
[35

] [36

]) (Rd2.aux)

LaTeX Font Warning: Some font shapes were not available, defaults substituted.

Package rerunfilecheck Info: File `Rd2.out' has not changed.
(rerunfilecheck)             Checksum: 3200591EA0F2025A554CE1F8D31D6144;2077.
 ) 
Here is how much of TeX's memory you used:
 10103 strings out of 479334
 146085 string characters out of 2857084
 445080 words of memory out of 3000000
 27065 multiletter control sequences out of 15000+200000
 444265 words of font info for 78 fonts, out of 3000000 for 9000
 1141 hyphenation exceptions out of 8191
 88i,6n,90p,590b,641s stack positions out of 5000i,500n,10000p,200000b,50000s
pdfTeX warning (dest): name{Rfn.formals} has been referenced but does not exi
st, replaced by a fixed one

pdfTeX warning (dest): name{Rfn."unz"} has been referenced but does not exist, 
replaced by a fixed one

pdfTeX warning (dest): name{Rfn.stdin} has been referenced but does not exist, 
replaced by a fixed one

pdfTeX warning (dest): name{Rfn.connection} has been referenced but does not ex
ist, replaced by a fixed one

pdfTeX warning (dest): name{Rfn.tryCatch} has been referenced but does not exis
t, replaced by a fixed one

pdfTeX warning (dest): name{Rfn.Startup} has been referenced but does not exist
, replaced by a fixed one

pdfTeX warning (dest): name{Rfn.setwd} has been referenced but does not exist, 
replaced by a fixed one

pdfTeX warning (dest): name{Rfn.unlink} has been referenced but does not exist,
 replaced by a fixed one

pdfTeX warning (dest): name{Rfn.file.remove} has been referenced but does not e
xist, replaced by a fixed one

pdfTeX warning (dest): name{Rfn.normalize} has been referenced but does not exi
st, replaced by a fixed one

pdfTeX warning (dest): name{Rfn.NA.Rul.character.Rul.} has been referenced but 
does not exist, replaced by a fixed one

pdfTeX warning (dest): name{Rfn.Sys.setenv} has been referenced but does not ex
ist, replaced by a fixed one

pdfTeX warning (dest): name{Rfn.Sys.getenv} has been referenced but does not ex
ist, replaced by a fixed one

pdfTeX warning (dest): name{Rfn.NULL} has been referenced but does not exist, r
eplaced by a fixed one

pdfTeX warning (dest): name{Rfn.NA} has been referenced but does not exist, rep
laced by a fixed one

pdfTeX warning (dest): name{Rfn.normalized} has been referenced but does not ex
ist, replaced by a fixed one

pdfTeX warning (dest): name{Rfn.path.expand} has been referenced but does not e
xist, replaced by a fixed one

pdfTeX warning (dest): name{Rfn.utils::install.packages} has been referenced bu
t does not exist, replaced by a fixed one

pdfTeX warning (dest): name{Rfn.environment\\unhbox\040\\voidb@x\040\\unskip\04
0\040\\ignorespaces\040variables} has been referenced but does not exist, repla
ced by a fixed one

pdfTeX warning (dest): name{Rfn.stderr} has been referenced but does not exist,
 replaced by a fixed one

pdfTeX warning (dest): name{Rfn.stdout} has been referenced but does not exist,
 replaced by a fixed one

pdfTeX warning (dest): name{Rfn.getOption} has been referenced but does not exi
st, replaced by a fixed one

pdfTeX warning (dest): name{Rfn.srcfile} has been referenced but does not exist
, replaced by a fixed one

pdfTeX warning (dest): name{Rfn.srcref} has been referenced but does not exist,
 replaced by a fixed one

pdfTeX warning (dest): name{Rfn.tilde\\unhbox\040\\voidb@x\040\\unskip\040\040\
\ignorespaces\040expansion} has been referenced but does not exist, replaced by
 a fixed one

pdfTeX warning (dest): name{Rfn.as.character} has been referenced but does not 
exist, replaced by a fixed one

pdfTeX warning (dest): name{Rfn.as.vector} has been referenced but does not exi
st, replaced by a fixed one

pdfTeX warning (dest): name{Rfn.as.raw} has been referenced but does not exist,
 replaced by a fixed one

pdfTeX warning (dest): name{Rfn.sprintf} has been referenced but does not exist
, replaced by a fixed one

pdfTeX warning (dest): name{Rfn.as.character.factor} has been referenced but do
es not exist, replaced by a fixed one

pdfTeX warning (dest): name{Rfn.POSIXt} has been referenced but does not exist,
 replaced by a fixed one

pdfTeX warning (dest): name{Rfn.Date} has been referenced but does not exist, r
eplaced by a fixed one

pdfTeX warning (dest): name{Rfn.character} has been referenced but does not exi
st, replaced by a fixed one

pdfTeX warning (dest): name{Rfn.numeric} has been referenced but does not exist
, replaced by a fixed one

pdfTeX warning (dest): name{Rfn.logical} has been referenced but does not exist
, replaced by a fixed one

pdfTeX warning (dest): name{Rfn.commandArgs} has been referenced but does not e
xist, replaced by a fixed one

pdfTeX warning (dest): name{Rfn.utils::bug.report} has been referenced but does
 not exist, replaced by a fixed one

pdfTeX warning (dest): name{Rfn.dirname} has been referenced but does not exist
, replaced by a fixed one

pdfTeX warning (dest): name{Rfn.basename} has been referenced but does not exis
t, replaced by a fixed one

pdfTeX warning (dest): name{Rfn.file.path} has been referenced but does not exi
st, replaced by a fixed one

pdfTeX warning (dest): name{Rfn.box::use} has been referenced but does not exis
t, replaced by a fixed one

pdfTeX warning (dest): name{Rfn.knitr::knit} has been referenced but does not e
xist, replaced by a fixed one

pdfTeX warning (dest): name{Rfn.testthat::source.Rul.file} has been referenced 
but does not exist, replaced by a fixed one

pdfTeX warning (dest): name{Rfn.sys.source} has been referenced but does not ex
ist, replaced by a fixed one

pdfTeX warning (dest): name{Rfn.Rscript} has been referenced but does not exist
, replaced by a fixed one

pdfTeX warning (dest): name{Rfn.source} has been referenced but does not exist,
 replaced by a fixed one

 <C:\Users\andre\AppData\Local\MiKTeX\fonts/pk/ljfour/jknappen/ec/dpi600\tctt09
00.pk>{C:/Users/andre/AppData/Local/Programs/MiKTeX/fonts/enc/dvips/inconsolata
/i4-ts1.enc}{C:/Users/andre/AppData/Local/Programs/MiKTeX/fonts/enc/dvips/base/
8r.enc}{C:/Users/andre/AppData/Local/Programs/MiKTeX/fonts/enc/dvips/inconsolat
a/i4-t1-0.enc}<C:/Users/andre/AppData/Local/Programs/MiKTeX/fonts/type1/public/
inconsolata/Inconsolata-zi4r.pfb><C:/Users/andre/AppData/Local/Programs/MiKTeX/
fonts/type1/public/amsfonts/cm/cmsy10.pfb><C:/Users/andre/AppData/Local/Program
s/MiKTeX/fonts/type1/urw/helvetic/uhvr8a.pfb><C:/Users/andre/AppData/Local/Prog
rams/MiKTeX/fonts/type1/urw/times/utmb8a.pfb><C:/Users/andre/AppData/Local/Prog
rams/MiKTeX/fonts/type1/urw/times/utmr8a.pfb><C:/Users/andre/AppData/Local/Prog
rams/MiKTeX/fonts/type1/urw/times/utmr8a.pfb><C:/Users/andre/AppData/Local/Prog
rams/MiKTeX/fonts/type1/urw/times/utmri8a.pfb>
Output written on Rd2.pdf (36 pages, 295750 bytes).
PDF statistics:
 955 PDF objects out of 1000 (max. 8388607)
 289 named destinations out of 1000 (max. 500000)
 177 words of extra memory for PDF output out of 10000 (max. 10000000)

